<?xml version="1.0" encoding="UTF-8"?>
<testsuite xmlns:xsi="http://www.w3.org/2001/XMLSchema-instance" xsi:noNamespaceSchemaLocation="https://maven.apache.org/surefire/maven-surefire-plugin/xsd/surefire-test-report-3.0.xsd" version="3.0" name="TestSuite" time="7.464" tests="1" errors="0" skipped="0" failures="0">
  <properties>
[...]
</properties>
  <testcase name="test1" classname="restAPIE2E.EndToEndTest" time="3.37">
    <system-out><![CDATA[[TestNGContentHandler] [WARN] It is strongly recommended to add "<!DOCTYPE suite SYSTEM "http://testng.org/testng-1.0.dtd" >" at the top of your file, otherwise TestNG may fail or not work as expected.
All employees are:
[
  {
    "id": 1,
    "name": "Pankaj",
    "salary": "10000"
  },
  {
    "name": "David",
    "salary": "5000",
    "id": 2
  },
  {
    "name": "Meena",
    "salary": "4000",
    "id": 4
  },
  {
    "name": "23Nov_Shalin",
    "salary": "10000",
    "id": 5
  },
  {
    "name": "Vidya",
    "salary": "90000",
    "id": 6
  },
  {
    "name": "Naveen",
    "salary": "9010",
    "id": 7
  },
  {
    "Salary": "2000",
    "name": "Anita",
    "id": 8
  },
  {
    "name": "Neeraj",
    "salary": "55500",
    "id": 9
  },
  {
    "Salary": "1000",
    "name": "Suresh",
    "id": 10
  },
  {
    "Salary": "1000",
    "name": "Suresh",
    "id": 11
  },
  {
    "Salary": "1000",
    "name": "Suresh",
    "id": 12
  },
  {
    "Salary": "1000",
    "name": "Suresh",
    "id": 13
  },
  {
    "Salary": "1200",
    "Name": "shareen",
    "id": 14
  },
  {
    "Salary": "1200",
    "Name": "shareen",
    "id": 15
  },
  {
    "Salary": "1200",
    "Name": "shareen",
    "id": 16
  },
  {
    "Salary": "12000",
    "name": "John",
    "id": 17
  },
  {
    "Salary": "12000",
    "name": "John",
    "id": 19
  }
]
New employee is
{
  "Salary": "12000",
  "name": "John",
  "id": 20
}
Getting single employee and name is John 
Single employee is{
  "Salary": "12000",
  "name": "John",
  "id": 20
}
Updating employee name john as smith
Updated employee name is:{
  "id": 20
}
Deleting employee created
]]></system-out>
  </testcase>
</testsuite>