<?xml version="1.0" encoding="UTF-8"?>
<testng-results ignored="0" total="1" passed="1" failed="0" skipped="0">
  <reporter-output>
  </reporter-output>
  <suite started-at="2022-12-11T06:56:58Z" name="Default suite" finished-at="2022-12-11T06:57:01Z" duration-ms="2546">
    <groups>
    </groups>
    <test started-at="2022-12-11T06:56:58Z" name="Default test" finished-at="2022-12-11T06:57:01Z" duration-ms="2546">
      <class name="restAPIE2E.EndToEndTest">
        <test-method signature="test1()[pri:0, instance:restAPIE2E.EndToEndTest@68dc098b]" started-at="2022-12-11T06:56:58Z" name="test1" finished-at="2022-12-11T06:57:01Z" duration-ms="2527" status="PASS">
          <reporter-output>
          </reporter-output>
        </test-method> <!-- test1 -->
      </class> <!-- restAPIE2E.EndToEndTest -->
    </test> <!-- Default test -->
  </suite> <!-- Default suite -->
</testng-results>
